<?xml version="1.0" encoding="UTF-8"?>
<testsuite xmlns:xsi="http://www.w3.org/2001/XMLSchema-instance" xsi:noNamespaceSchemaLocation="https://maven.apache.org/surefire/maven-surefire-plugin/xsd/surefire-test-report-3.0.xsd" version="3.0" name="edu.unomaha.TestBurger" time="0.116" tests="4" errors="0" skipped="0" failures="0">
  <properties>
[...]
</properties>
  <testcase name="testBurgerAdd" classname="edu.unomaha.TestBurger" time="0.018">
    <system-out><![CDATA[Started burger manager
]]></system-out>
  </testcase>
  <testcase name="testBurgerAssemble" classname="edu.unomaha.TestBurger" time="0.0"/>
  <testcase name="testPizzaAdd" classname="edu.unomaha.TestBurger" time="0.0"/>
  <testcase name="testPizzaAssemble" classname="edu.unomaha.TestBurger" time="0.0"/>
</testsuite>